<?xml version="1.0" encoding="UTF-8"?>
<!-- Generated by org.testng.reporters.JUnitReportReporter -->
<testsuite name="Testcase.testcase" tests="1" time="26.986" ignored="0" failures="0" timestamp="06 Mar 2020 10:05:56 GMT" skipped="0" hostname="BLT132" errors="0">
  <testcase name="launch" time="26.986" classname="Testcase.testcase"/>
</testsuite> <!-- Testcase.testcase -->
